  main.cpp
c:\users\maxim\desktop\esgi\5a\maths pour l'info\3dconvexhull\3dconvexhull\camera.hpp(22): warning C4244: 'initializing': conversion from 'float' to 'int', possible loss of data
c:\users\maxim\desktop\esgi\5a\maths pour l'info\3dconvexhull\3dconvexhull\camera.hpp(23): warning C4244: 'initializing': conversion from 'float' to 'int', possible loss of data
c:\users\maxim\desktop\esgi\5a\maths pour l'info\3dconvexhull\3dconvexhull\controller.hpp(15): warning C4244: 'return': conversion from 'double' to 'float', possible loss of data
c:\users\maxim\desktop\esgi\5a\maths pour l'info\3dconvexhull\3dconvexhull\controller.hpp(19): warning C4244: 'return': conversion from 'double' to 'float', possible loss of data
c:\users\maxim\desktop\esgi\5a\maths pour l'info\3dconvexhull\3dconvexhull\point.hpp(51): warning C4018: '<': signed/unsigned mismatch
c:\users\maxim\desktop\esgi\5a\maths pour l'info\3dconvexhull\3dconvexhull\point.hpp(111): warning C4018: '<': signed/unsigned mismatch
c:\users\maxim\desktop\esgi\5a\maths pour l'info\3dconvexhull\3dconvexhull\graph.hpp(51): warning C4018: '<': signed/unsigned mismatch
c:\users\maxim\desktop\esgi\5a\maths pour l'info\3dconvexhull\3dconvexhull\graph.hpp(56): warning C4018: '<': signed/unsigned mismatch
c:\users\maxim\desktop\esgi\5a\maths pour l'info\3dconvexhull\3dconvexhull\envinc.hpp(108): warning C4018: '<': signed/unsigned mismatch
c:\users\maxim\desktop\esgi\5a\maths pour l'info\3dconvexhull\3dconvexhull\envinc.hpp(112): warning C4018: '<': signed/unsigned mismatch
c:\users\maxim\desktop\esgi\5a\maths pour l'info\3dconvexhull\3dconvexhull\envinc.hpp(116): warning C4018: '<': signed/unsigned mismatch
c:\users\maxim\desktop\esgi\5a\maths pour l'info\3dconvexhull\3dconvexhull\envinc.hpp(148): warning C4018: '<': signed/unsigned mismatch
c:\users\maxim\desktop\esgi\5a\maths pour l'info\3dconvexhull\3dconvexhull\envinc.hpp(157): warning C4018: '<': signed/unsigned mismatch
c:\users\maxim\desktop\esgi\5a\maths pour l'info\3dconvexhull\3dconvexhull\envinc.hpp(171): warning C4018: '<': signed/unsigned mismatch
c:\users\maxim\desktop\esgi\5a\maths pour l'info\3dconvexhull\3dconvexhull\envinc.hpp(188): warning C4018: '<': signed/unsigned mismatch
c:\users\maxim\desktop\esgi\5a\maths pour l'info\3dconvexhull\3dconvexhull\envinc.hpp(199): warning C4018: '<': signed/unsigned mismatch
c:\users\maxim\desktop\esgi\5a\maths pour l'info\3dconvexhull\3dconvexhull\envinc.hpp(252): warning C4018: '<': signed/unsigned mismatch
c:\users\maxim\desktop\esgi\5a\maths pour l'info\3dconvexhull\3dconvexhull\envinc.hpp(277): warning C4018: '<': signed/unsigned mismatch
c:\users\maxim\desktop\esgi\5a\maths pour l'info\3dconvexhull\3dconvexhull\envinc.hpp(322): warning C4018: '<': signed/unsigned mismatch
c:\users\maxim\desktop\esgi\5a\maths pour l'info\3dconvexhull\3dconvexhull\envinc.hpp(340): warning C4018: '<': signed/unsigned mismatch
c:\users\maxim\desktop\esgi\5a\maths pour l'info\3dconvexhull\3dconvexhull\envinc.hpp(368): warning C4018: '<': signed/unsigned mismatch
c:\users\maxim\desktop\esgi\5a\maths pour l'info\3dconvexhull\3dconvexhull\envinc.hpp(371): warning C4018: '<': signed/unsigned mismatch
c:\users\maxim\desktop\esgi\5a\maths pour l'info\3dconvexhull\3dconvexhull\envinc.hpp(460): warning C4018: '<': signed/unsigned mismatch
c:\users\maxim\desktop\esgi\5a\maths pour l'info\3dconvexhull\3dconvexhull\envinc.hpp(469): warning C4018: '<': signed/unsigned mismatch
c:\users\maxim\desktop\esgi\5a\maths pour l'info\3dconvexhull\common\mat4.h(55): warning C4244: 'initializing': conversion from 'double' to 'float', possible loss of data
c:\users\maxim\desktop\esgi\5a\maths pour l'info\3dconvexhull\common\mat4.h(65): warning C4244: 'initializing': conversion from 'double' to 'float', possible loss of data
c:\users\maxim\desktop\esgi\5a\maths pour l'info\3dconvexhull\common\mat4.h(75): warning C4244: 'initializing': conversion from 'double' to 'float', possible loss of data
c:\users\maxim\desktop\esgi\5a\maths pour l'info\3dconvexhull\common\mat4.h(85): warning C4244: 'initializing': conversion from 'double' to 'float', possible loss of data
c:\users\maxim\desktop\esgi\5a\maths pour l'info\3dconvexhull\common\mat4.h(86): warning C4244: 'initializing': conversion from 'double' to 'float', possible loss of data
c:\users\maxim\desktop\esgi\5a\maths pour l'info\3dconvexhull\common\mat4.h(112): warning C4244: 'initializing': conversion from 'double' to 'float', possible loss of data
c:\users\maxim\desktop\esgi\5a\maths pour l'info\3dconvexhull\3dconvexhull\butterfly.hpp(36): warning C4018: '<': signed/unsigned mismatch
c:\users\maxim\desktop\esgi\5a\maths pour l'info\3dconvexhull\3dconvexhull\butterfly.hpp(40): warning C4018: '<': signed/unsigned mismatch
c:\users\maxim\desktop\esgi\5a\maths pour l'info\3dconvexhull\3dconvexhull\butterfly.hpp(53): warning C4018: '<': signed/unsigned mismatch
c:\users\maxim\desktop\esgi\5a\maths pour l'info\3dconvexhull\3dconvexhull\butterfly.hpp(60): warning C4018: '<': signed/unsigned mismatch
c:\users\maxim\desktop\esgi\5a\maths pour l'info\3dconvexhull\3dconvexhull\butterfly.hpp(73): warning C4018: '<': signed/unsigned mismatch
c:\users\maxim\desktop\esgi\5a\maths pour l'info\3dconvexhull\3dconvexhull\butterfly.hpp(87): warning C4018: '<': signed/unsigned mismatch
c:\users\maxim\desktop\esgi\5a\maths pour l'info\3dconvexhull\3dconvexhull\butterfly.hpp(94): warning C4018: '<': signed/unsigned mismatch
c:\users\maxim\desktop\esgi\5a\maths pour l'info\3dconvexhull\3dconvexhull\butterfly.hpp(101): warning C4018: '<': signed/unsigned mismatch
c:\users\maxim\desktop\esgi\5a\maths pour l'info\3dconvexhull\3dconvexhull\butterfly.hpp(126): warning C4018: '<': signed/unsigned mismatch
c:\users\maxim\desktop\esgi\5a\maths pour l'info\3dconvexhull\3dconvexhull\butterfly.hpp(128): warning C4018: '<': signed/unsigned mismatch
c:\users\maxim\desktop\esgi\5a\maths pour l'info\3dconvexhull\3dconvexhull\butterfly.hpp(143): warning C4018: '<': signed/unsigned mismatch
c:\users\maxim\desktop\esgi\5a\maths pour l'info\3dconvexhull\3dconvexhull\butterfly.hpp(160): warning C4018: '<': signed/unsigned mismatch
c:\users\maxim\desktop\esgi\5a\maths pour l'info\3dconvexhull\3dconvexhull\butterfly.hpp(162): warning C4018: '<': signed/unsigned mismatch
c:\users\maxim\desktop\esgi\5a\maths pour l'info\3dconvexhull\3dconvexhull\butterfly.hpp(187): warning C4018: '<': signed/unsigned mismatch
c:\users\maxim\desktop\esgi\5a\maths pour l'info\3dconvexhull\3dconvexhull\butterfly.hpp(191): warning C4018: '<': signed/unsigned mismatch
c:\users\maxim\desktop\esgi\5a\maths pour l'info\3dconvexhull\3dconvexhull\butterfly.hpp(196): warning C4018: '<': signed/unsigned mismatch
c:\users\maxim\desktop\esgi\5a\maths pour l'info\3dconvexhull\3dconvexhull\butterfly.hpp(243): warning C4018: '<': signed/unsigned mismatch
c:\users\maxim\desktop\esgi\5a\maths pour l'info\3dconvexhull\3dconvexhull\butterfly.hpp(273): warning C4018: '<': signed/unsigned mismatch
c:\users\maxim\desktop\esgi\5a\maths pour l'info\3dconvexhull\3dconvexhull\butterfly.hpp(275): warning C4018: '<': signed/unsigned mismatch
c:\users\maxim\desktop\esgi\5a\maths pour l'info\3dconvexhull\3dconvexhull\butterfly.hpp(342): warning C4018: '<': signed/unsigned mismatch
c:\users\maxim\desktop\esgi\5a\maths pour l'info\3dconvexhull\3dconvexhull\butterfly.hpp(345): warning C4018: '<': signed/unsigned mismatch
c:\users\maxim\desktop\esgi\5a\maths pour l'info\3dconvexhull\3dconvexhull\butterfly.hpp(369): warning C4018: '<': signed/unsigned mismatch
c:\users\maxim\desktop\esgi\5a\maths pour l'info\3dconvexhull\3dconvexhull\butterfly.hpp(371): warning C4018: '<': signed/unsigned mismatch
c:\users\maxim\desktop\esgi\5a\maths pour l'info\3dconvexhull\3dconvexhull\butterfly.hpp(378): warning C4018: '<': signed/unsigned mismatch
c:\users\maxim\desktop\esgi\5a\maths pour l'info\3dconvexhull\3dconvexhull\butterfly.hpp(411): warning C4018: '<': signed/unsigned mismatch
c:\users\maxim\desktop\esgi\5a\maths pour l'info\3dconvexhull\3dconvexhull\butterfly.hpp(414): warning C4018: '<': signed/unsigned mismatch
c:\users\maxim\desktop\esgi\5a\maths pour l'info\3dconvexhull\3dconvexhull\butterfly.hpp(426): warning C4018: '<': signed/unsigned mismatch
c:\users\maxim\desktop\esgi\5a\maths pour l'info\3dconvexhull\3dconvexhull\butterfly.hpp(452): warning C4018: '<': signed/unsigned mismatch
c:\users\maxim\desktop\esgi\5a\maths pour l'info\3dconvexhull\3dconvexhull\butterfly.hpp(455): warning C4018: '<': signed/unsigned mismatch
c:\users\maxim\desktop\esgi\5a\maths pour l'info\3dconvexhull\3dconvexhull\butterfly.hpp(466): warning C4018: '<': signed/unsigned mismatch
c:\users\maxim\desktop\esgi\5a\maths pour l'info\3dconvexhull\3dconvexhull\butterfly.hpp(474): warning C4018: '<': signed/unsigned mismatch
c:\users\maxim\desktop\esgi\5a\maths pour l'info\3dconvexhull\3dconvexhull\butterfly.hpp(508): warning C4018: '<': signed/unsigned mismatch
c:\users\maxim\desktop\esgi\5a\maths pour l'info\3dconvexhull\3dconvexhull\butterfly.hpp(515): warning C4018: '<': signed/unsigned mismatch
c:\users\maxim\desktop\esgi\5a\maths pour l'info\3dconvexhull\3dconvexhull\butterfly.hpp(542): warning C4018: '<': signed/unsigned mismatch
c:\users\maxim\desktop\esgi\5a\maths pour l'info\3dconvexhull\3dconvexhull\butterfly.hpp(555): warning C4018: '<': signed/unsigned mismatch
c:\users\maxim\desktop\esgi\5a\maths pour l'info\3dconvexhull\3dconvexhull\butterfly.hpp(569): warning C4018: '<': signed/unsigned mismatch
c:\users\maxim\desktop\esgi\5a\maths pour l'info\3dconvexhull\3dconvexhull\butterfly.hpp(583): warning C4018: '<': signed/unsigned mismatch
c:\users\maxim\desktop\esgi\5a\maths pour l'info\3dconvexhull\3dconvexhull\main.cpp(52): warning C4018: '<': signed/unsigned mismatch
c:\users\maxim\desktop\esgi\5a\maths pour l'info\3dconvexhull\3dconvexhull\main.cpp(108): warning C4018: '<': signed/unsigned mismatch
c:\users\maxim\desktop\esgi\5a\maths pour l'info\3dconvexhull\3dconvexhull\main.cpp(122): warning C4018: '<': signed/unsigned mismatch
c:\users\maxim\desktop\esgi\5a\maths pour l'info\3dconvexhull\3dconvexhull\main.cpp(140): warning C4101: 'c': unreferenced local variable
c:\users\maxim\desktop\esgi\5a\maths pour l'info\3dconvexhull\3dconvexhull\main.cpp(140): warning C4101: 'h': unreferenced local variable
c:\users\maxim\desktop\esgi\5a\maths pour l'info\3dconvexhull\3dconvexhull\main.cpp(140): warning C4101: 'w': unreferenced local variable
c:\users\maxim\desktop\esgi\5a\maths pour l'info\3dconvexhull\3dconvexhull\main.cpp(262): warning C4018: '<': signed/unsigned mismatch
c:\users\maxim\desktop\esgi\5a\maths pour l'info\3dconvexhull\3dconvexhull\main.cpp(275): warning C4018: '<': signed/unsigned mismatch
c:\users\maxim\desktop\esgi\5a\maths pour l'info\3dconvexhull\3dconvexhull\main.cpp(282): warning C4018: '<': signed/unsigned mismatch
c:\users\maxim\desktop\esgi\5a\maths pour l'info\3dconvexhull\3dconvexhull\main.cpp(300): warning C4101: 'c': unreferenced local variable
c:\users\maxim\desktop\esgi\5a\maths pour l'info\3dconvexhull\3dconvexhull\main.cpp(300): warning C4101: 'h': unreferenced local variable
c:\users\maxim\desktop\esgi\5a\maths pour l'info\3dconvexhull\3dconvexhull\main.cpp(300): warning C4101: 'w': unreferenced local variable
c:\users\maxim\desktop\esgi\5a\maths pour l'info\3dconvexhull\3dconvexhull\main.cpp(409): warning C4244: 'initializing': conversion from 'int' to 'float', possible loss of data
c:\users\maxim\desktop\esgi\5a\maths pour l'info\3dconvexhull\3dconvexhull\envinc.hpp(485): warning C4715: 'EnvInc::getRandomInsidePoint': not all control paths return a value
  3DConvexHull.vcxproj -> C:\Users\maxim\Desktop\ESGI\5A\Maths pour l'info\3DConvexHull\Debug\3DConvHull.exe
